["settings", "settings:game", [50, "Normal", 0]]
["profile", "player:ayudaa", ["ayudaa", "12345", 0, 0, 0]]
["profile", "player:ayudaa", ["ayudaa", "12345", 199, 1, 199]]
["score", "score:ayudaa:1775524862.544455", ["ayudaa", 199]]
["profile", "player:ayudaa", ["ayudaa", "12345", 199, 2, 121]]
["score", "score:ayudaa:1775524868.6654618", ["ayudaa", 121]]
["profile", "player:ayudaa", ["ayudaa", "12345", 199, 3, 123]]
["score", "score:ayudaa:1775526984.1352606", ["ayudaa", 123]]
["profile", "player:ayudaa", ["ayudaa", "12345", 199, 4, 104]]
["score", "score:ayudaa:1775526997.8631785", ["ayudaa", 104]]
["profile", "player:ayudaa", ["ayudaa", "12345", 199, 5, 111]]
["score", "score:ayudaa:1775527075.9974368", ["ayudaa", 111]]
["profile", "player:ayudaa", ["ayudaa", "12345", 199, 6, 105]]
["score", "score:ayudaa:1775527154.5514941", ["ayudaa", 105]]
["profile", "player:ayudaa", ["ayudaa", "12345", 199, 7, 105]]
["score", "score:ayudaa:1775527176.0687563", ["ayudaa", 105]]
["profile", "player:ayudaa", ["ayudaa", "12345", 199, 8, 108]]
["score", "score:ayudaa:1775527691.3023458", ["ayudaa", 108]]
["profile", "player:ayudaa", ["ayudaa", "12345", 199, 9, 126]]
["score", "score:ayudaa:1775527696.4371018", ["ayudaa", 126]]
["profile", "player:ayudaa", ["ayudaa", "12345", 199, 10, 185]]
["score", "score:ayudaa:1775527720.5462995", ["ayudaa", 185]]
["profile", "player:ayudaa", ["ayudaa", "12345", 199, 11, 134]]
["score", "score:ayudaa:1775527883.3562858", ["ayudaa", 134]]
["profile", "player:ayudaa", ["ayudaa", "12345", 199, 12, 127]]
["score", "score:ayudaa:1775527931.598487", ["ayudaa", 127]]
["profile", "player:ayudaa", ["ayudaa", "12345", 199, 13, 119]]
["score", "score:ayudaa:1775527938.075995", ["ayudaa", 119]]
["profile", "player:ayudaa", ["ayudaa", "12345", 199, 14, 132]]
["score", "score:ayudaa:1775527966.0147069", ["ayudaa", 132]]
["profile", "player:ayudaa", ["ayudaa", "12345", 199, 15, 178]]
["score", "score:ayudaa:1775527992.9531434", ["ayudaa", 178]]
["profile", "player:ayudaa", ["ayudaa", "12345", 242, 16, 242]]
["score", "score:ayudaa:1775528038.439931", ["ayudaa", 242]]
["profile", "player:ayudaa", ["ayudaa", "12345", 242, 17, 120]]
["score", "score:ayudaa:1775528043.1933186", ["ayudaa", 120]]
["profile", "player:ayudaa", ["ayudaa", "12345", 242, 18, 125]]
["score", "score:ayudaa:1775528046.6897726", ["ayudaa", 125]]
["profile", "player:ayudaa", ["ayudaa", "12345", 242, 19, 111]]
["score", "score:ayudaa:1775528049.7745986", ["ayudaa", 111]]
["profile", "player:ayudaa", ["ayudaa", "12345", 242, 20, 241]]
["score", "score:ayudaa:1775528055.1364775", ["ayudaa", 241]]
["profile", "player:ayudaa", ["ayudaa", "12345", 242, 21, 121]]
["score", "score:ayudaa:1775528059.1131084", ["ayudaa", 121]]
["profile", "player:ayudaa", ["ayudaa", "12345", 242, 22, 121]]
["score", "score:ayudaa:1775528165.8797543", ["ayudaa", 121]]
["profile", "player:gato", ["gato", "1111", 0, 0, 0]]
["settings", "settings:game", [50, "Normal", 0]]
["profile", "player:gato", ["gato", "1111", 824, 1, 824]]
["score", "score:gato:1775528501.1724136", ["gato", 824]]
["profile", "player:gato", ["gato", "1111", 824, 2, 116]]
["score", "score:gato:1775528939.2432", ["gato", 116]]
["profile", "player:gato", ["gato", "1111", 824, 3, 125]]
["score", "score:gato:1775528942.92702", ["gato", 125]]
["profile", "player:gato", ["gato", "1111", 824, 4, 109]]
["score", "score:gato:1775528946.0244153", ["gato", 109]]
["profile", "player:gato", ["gato", "1111", 824, 5, 115]]
["score", "score:gato:1775529002.8439023", ["gato", 115]]
["profile", "player:gato", ["gato", "1111", 824, 6, 117]]
["score", "score:gato:1775529006.3760328", ["gato", 117]]
["profile", "player:gato", ["gato", "1111", 824, 7, 120]]
["score", "score:gato:1775529009.8328183", ["gato", 120]]
["profile", "player:gato", ["gato", "1111", 824, 8, 121]]
["score", "score:gato:1775529012.8336694", ["gato", 121]]
["profile", "player:gato", ["gato", "1111", 824, 9, 135]]
["score", "score:gato:1775529015.9161398", ["gato", 135]]
["profile", "player:gato", ["gato", "1111", 824, 10, 141]]
["score", "score:gato:1775529019.2645836", ["gato", 141]]
["profile", "player:gato", ["gato", "1111", 824, 11, 258]]
["score", "score:gato:1775529024.4446588", ["gato", 258]]
["profile", "player:gato", ["gato", "1111", 824, 12, 533]]
["score", "score:gato:1775529367.643185", ["gato", 533]]
["profile", "player:gato", ["gato", "1111", 824, 13, 105]]
["score", "score:gato:1775529469.768367", ["gato", 105]]
["profile", "player:gato", ["gato", "1111", 824, 14, 112]]
["score", "score:gato:1775529535.191019", ["gato", 112]]
["profile", "player:gato", ["gato", "1111", 824, 15, 182]]
["score", "score:gato:1775529578.8107717", ["gato", 182]]
["profile", "player:gato", ["gato", "1111", 824, 16, 167]]
["score", "score:gato:1775529593.241895", ["gato", 167]]
["profile", "player:gato", ["gato", "1111", 824, 17, 238]]
["score", "score:gato:1775533324.9617174", ["gato", 238]]
["profile", "player:ayudaa", ["ayudaa", "12345", 242, 23, 212]]
["score", "score:ayudaa:1775533687.4061217", ["ayudaa", 212]]
["profile", "player:gato", ["gato", "1111", 824, 18, 188]]
["score", "score:gato:1775533850.4406433", ["gato", 188]]
["profile", "player:gato", ["gato", "1111", 824, 19, 114]]
["score", "score:gato:1775534016.3716037", ["gato", 114]]
["profile", "player:gato", ["gato", "1111", 824, 20, 106]]
["score", "score:gato:1775534240.1566515", ["gato", 106]]
["profile", "player:zxcv", ["zxcv", "1234", 0, 0, 0]]
["profile", "player:zxcv", ["zxcv", "1234", 184, 1, 184]]
["score", "score:zxcv:1775534419.5625572", ["zxcv", 184]]
["profile", "player:zxcv", ["zxcv", "1234", 282, 2, 282]]
["score", "score:zxcv:1775534487.3143058", ["zxcv", 282]]
["profile", "player:zxcv", ["zxcv", "1234", 282, 3, 158]]
["score", "score:zxcv:1775534670.8614306", ["zxcv", 158]]
["profile", "player:zxcv", ["zxcv", "1234", 282, 4, 246]]
["score", "score:zxcv:1775534677.2719524", ["zxcv", 246]]
["profile", "player:gato", ["gato", "1111", 824, 21, 121]]
["score", "score:gato:1775534767.034688", ["gato", 121]]
["profile", "player:zxcv", ["zxcv", "1234", 282, 5, 119]]
["score", "score:zxcv:1775534804.038724", ["zxcv", 119]]
["settings", "settings:game", [50, "Normal", 1]]
["settings", "settings:game", [50, "Normal", 1]]
["profile", "player:gato", ["gato", "1111", 824, 22, 120]]
["score", "score:gato:1775535909.5572207", ["gato", 120]]
["profile", "player:gato", ["gato", "1111", 824, 23, 126]]
["score", "score:gato:1775535920.4767847", ["gato", 126]]
["settings", "settings:game", [50, "Normal", 0]]
["profile", "player:gato", ["gato", "1111", 824, 24, 184]]
["score", "score:gato:1775563322.9836864", ["gato", 184]]
["settings", "settings:game", [50, "Normal", 0]]
["profile", "player:gato", ["gato", "1111", 824, 25, 131]]
["score", "score:gato:1775563786.6264448", ["gato", 131]]
["settings", "settings:game", [50, "Normal", 0]]
["profile", "player:gato", ["gato", "1111", 824, 26, 115]]
["score", "score:gato:1775563827.8788414", ["gato", 115]]
["settings", "settings:game", [50, "Normal", 0]]
["profile", "player:gato", ["gato", "1111", 824, 27, 180]]
["score", "score:gato:1775564373.2464285", ["gato", 180]]
["settings", "settings:game", [50, "Normal", 0]]
["profile", "player:gato", ["gato", "1111", 824, 28, 140]]
["score", "score:gato:1775564421.7144096", ["gato", 140]]
["settings", "settings:game", [50, "Normal", 0]]
["profile", "player:gato", ["gato", "1111", 824, 29, 136]]
["score", "score:gato:1775565156.0495703", ["gato", 136]]
["profile", "player:gato", ["gato", "1111", 824, 30, 115]]
["score", "score:gato:1775565164.2869658", ["gato", 115]]
["profile", "player:gato", ["gato", "1111", 824, 31, 120]]
["score", "score:gato:1775565168.0007877", ["gato", 120]]
["profile", "player:gato", ["gato", "1111", 824, 32, 121]]
["score", "score:gato:1775565174.6469781", ["gato", 121]]
["settings", "settings:game", [50, "Normal", 0]]
["settings", "settings:game", [50, "Normal", 0]]
["profile", "player:gato", ["gato", "1111", 824, 33, 135]]
["score", "score:gato:1775565367.8450117", ["gato", 135]]
["settings", "settings:game", [50, "Normal", 0]]
["profile", "player:zxcv", ["zxcv", "1234", 582, 6, 582]]
["score", "score:zxcv:1775565463.7128713", ["zxcv", 582]]
["settings", "settings:game", [50, "Normal", 0]]
["profile", "player:zxcv", ["zxcv", "1234", 582, 7, 228]]
["score", "score:zxcv:1775565502.5987265", ["zxcv", 228]]
["settings", "settings:game", [50, "Normal", 0]]
["profile", "player:gato", ["gato", "1111", 824, 34, 521]]
["score", "score:gato:1775565680.0391648", ["gato", 521]]
["profile", "player:gato", ["gato", "1111", 824, 35, 111]]
["score", "score:gato:1775565689.5701153", ["gato", 111]]
["settings", "settings:game", [50, "Normal", 0]]
["settings", "settings:game", [50, "Normal", 0]]
["settings", "settings:game", [50, "Normal", 0]]
["profile", "player:zxcv", ["zxcv", "1234", 736, 8, 736]]
["score", "score:zxcv:1775566026.2772608", ["zxcv", 736]]
["settings", "settings:game", [50, "Normal", 0]]
["settings", "settings:game", [50, "Normal", 0]]
["settings", "settings:game", [50, "Normal", 0]]
["profile", "player:zxcv", ["zxcv", "1234", 736, 9, 527]]
["score", "score:zxcv:1775566373.8298087", ["zxcv", 527]]
["profile", "player:zxcv", ["zxcv", "1234", 736, 10, 561]]
["score", "score:zxcv:1775566388.4511986", ["zxcv", 561]]
